<?xml version="1.0" encoding="UTF-8"?>
<testsuite xmlns:xsi="http://www.w3.org/2001/XMLSchema-instance" xsi:noNamespaceSchemaLocation="https://maven.apache.org/surefire/maven-surefire-plugin/xsd/surefire-test-report-3.0.xsd" version="3.0" name="es.susosise.organizacion_mvc_objeto_inversa.ModeloTests" time="0.278" tests="6" errors="0" skipped="0" failures="0">
  <properties>
[...]
</properties>
  <testcase name="seRecuperaUnaPersonaSegunSuNombreYApellidos" classname="es.susosise.organizacion_mvc_objeto_inversa.ModeloTests" time="0.155"/>
  <testcase name="seRecuperaUnaPersonaSegunSuIndiceEnLaLista" classname="es.susosise.organizacion_mvc_objeto_inversa.ModeloTests" time="0.022"/>
  <testcase name="seCreaYseGuardaYseRecuperaUnaNuevaPersona" classname="es.susosise.organizacion_mvc_objeto_inversa.ModeloTests" time="0.018"/>
  <testcase name="inicializarLaPersistenciaCreaUnaListaDePersonasVacia" classname="es.susosise.organizacion_mvc_objeto_inversa.ModeloTests" time="0.013"/>
  <testcase name="conLaListaDePersonasVaciaNoDaErrorIntentarRecuperarUna" classname="es.susosise.organizacion_mvc_objeto_inversa.ModeloTests" time="0.013"/>
  <testcase name="alIntentarRecuperarUnaPersonaQueNoExisteDevuelveNull" classname="es.susosise.organizacion_mvc_objeto_inversa.ModeloTests" time="0.02"/>
</testsuite>